WARN  [2017-04-07 07:02:52,885] com.google.common.cache.CacheBuilder: ignoring weigher specified without maximumWeight
WARN  [2017-04-07 07:02:53,306] com.yammer.dropwizard.config.ServerFactory: 
!!!!!!!!!!!!!!!!!!!!!!!!!!!!!!!!!!!!!!!!!!!!!!!!!!!!!!!!!!!!!!!!!!!!!!!!!!!!!!!!
!!!!!!!!!!!!!!!!!!!!!!!!!!!!!!!!!!!!!!!!!!!!!!!!!!!!!!!!!!!!!!!!!!!!!!!!!!!!!!!!
!    THIS SERVICE HAS NO HEALTHCHECKS. THIS MEANS YOU WILL NEVER KNOW IF IT    !
!    DIES IN PRODUCTION, WHICH MEANS YOU WILL NEVER KNOW IF YOU'RE LETTING     !
!     YOUR USERS DOWN. YOU SHOULD ADD A HEALTHCHECK FOR EACH DEPENDENCY OF     !
!     YOUR SERVICE WHICH FULLY (BUT LIGHTLY) TESTS YOUR SERVICE'S ABILITY TO   !
!      USE THAT SERVICE. THINK OF IT AS A CONTINUOUS INTEGRATION TEST.         !
!!!!!!!!!!!!!!!!!!!!!!!!!!!!!!!!!!!!!!!!!!!!!!!!!!!!!!!!!!!!!!!!!!!!!!!!!!!!!!!!
!!!!!!!!!!!!!!!!!!!!!!!!!!!!!!!!!!!!!!!!!!!!!!!!!!!!!!!!!!!!!!!!!!!!!!!!!!!!!!!!
INFO  [2017-04-07 07:02:53,472] com.yammer.dropwizard.cli.ServerCommand: Starting TR069-Simulator
INFO  [2017-04-07 07:02:53,477] org.eclipse.jetty.server.Server: jetty-8.y.z-SNAPSHOT
INFO  [2017-04-07 07:02:53,886] com.sun.jersey.server.impl.application.WebApplicationImpl: Initiating Jersey application, version 'Jersey: 1.17 01/17/2013 03:31 PM'
INFO  [2017-04-07 07:02:54,066] com.yammer.dropwizard.config.Environment: The following paths were found for the configured resources:


INFO  [2017-04-07 07:02:54,067] com.yammer.dropwizard.config.Environment: tasks = 

    POST    /tasks/gc (com.yammer.dropwizard.tasks.GarbageCollectionTask)

ERROR [2017-04-07 07:02:54,744] com.sun.jersey.server.impl.application.RootResourceUriRules: The ResourceConfig instance does not contain any root resource classes.
WARN  [2017-04-07 07:02:54,753] /: unavailable
! com.sun.jersey.api.container.ContainerException: The ResourceConfig instance does not contain any root resource classes.
! at com.sun.jersey.server.impl.application.RootResourceUriRules.<init>(RootResourceUriRules.java:99) ~[tr069-0.6.2.jar:0.6.2]
! at com.sun.jersey.server.impl.application.WebApplicationImpl._initiate(WebApplicationImpl.java:1331) ~[tr069-0.6.2.jar:0.6.2]
! at com.sun.jersey.server.impl.application.WebApplicationImpl.access$700(WebApplicationImpl.java:168) ~[tr069-0.6.2.jar:0.6.2]
! at com.sun.jersey.server.impl.application.WebApplicationImpl$13.f(WebApplicationImpl.java:774) ~[tr069-0.6.2.jar:0.6.2]
! at com.sun.jersey.server.impl.application.WebApplicationImpl$13.f(WebApplicationImpl.java:770) ~[tr069-0.6.2.jar:0.6.2]
! at com.sun.jersey.spi.inject.Errors.processWithErrors(Errors.java:193) ~[tr069-0.6.2.jar:0.6.2]
! at com.sun.jersey.server.impl.application.WebApplicationImpl.initiate(WebApplicationImpl.java:770) ~[tr069-0.6.2.jar:0.6.2]
! at com.hubspot.dropwizard.guice.GuiceContainer.initiate(GuiceContainer.java:63) ~[tr069-0.6.2.jar:0.6.2]
! at com.sun.jersey.spi.container.servlet.ServletContainer$InternalWebComponent.initiate(ServletContainer.java:319) ~[tr069-0.6.2.jar:0.6.2]
! at com.sun.jersey.spi.container.servlet.WebComponent.load(WebComponent.java:605) ~[tr069-0.6.2.jar:0.6.2]
! at com.sun.jersey.spi.container.servlet.WebComponent.init(WebComponent.java:210) ~[tr069-0.6.2.jar:0.6.2]
! at com.sun.jersey.spi.container.servlet.ServletContainer.init(ServletContainer.java:374) ~[tr069-0.6.2.jar:0.6.2]
! at com.sun.jersey.spi.container.servlet.ServletContainer.init(ServletContainer.java:557) ~[tr069-0.6.2.jar:0.6.2]
! at javax.servlet.GenericServlet.init(GenericServlet.java:244) ~[tr069-0.6.2.jar:0.6.2]
! at org.eclipse.jetty.servlet.ServletHolder.initServlet(ServletHolder.java:519) [tr069-0.6.2.jar:0.6.2]
! at org.eclipse.jetty.servlet.ServletHolder.doStart(ServletHolder.java:331) [tr069-0.6.2.jar:0.6.2]
! at org.eclipse.jetty.util.component.AbstractLifeCycle.start(AbstractLifeCycle.java:64) [tr069-0.6.2.jar:0.6.2]
! at org.eclipse.jetty.servlet.ServletHandler.initialize(ServletHandler.java:742) [tr069-0.6.2.jar:0.6.2]
! at org.eclipse.jetty.servlet.ServletContextHandler.startContext(ServletContextHandler.java:265) [tr069-0.6.2.jar:0.6.2]
! at org.eclipse.jetty.server.handler.ContextHandler.doStart(ContextHandler.java:710) [tr069-0.6.2.jar:0.6.2]
! at org.eclipse.jetty.util.component.AbstractLifeCycle.start(AbstractLifeCycle.java:64) [tr069-0.6.2.jar:0.6.2]
! at org.eclipse.jetty.server.handler.HandlerWrapper.doStart(HandlerWrapper.java:95) [tr069-0.6.2.jar:0.6.2]
! at org.eclipse.jetty.util.component.AbstractLifeCycle.start(AbstractLifeCycle.java:64) [tr069-0.6.2.jar:0.6.2]
! at org.eclipse.jetty.server.handler.HandlerWrapper.doStart(HandlerWrapper.java:95) [tr069-0.6.2.jar:0.6.2]
! at org.eclipse.jetty.util.component.AbstractLifeCycle.start(AbstractLifeCycle.java:64) [tr069-0.6.2.jar:0.6.2]
! at org.eclipse.jetty.server.handler.HandlerCollection.doStart(HandlerCollection.java:229) [tr069-0.6.2.jar:0.6.2]
! at org.eclipse.jetty.util.component.AbstractLifeCycle.start(AbstractLifeCycle.java:64) [tr069-0.6.2.jar:0.6.2]
! at org.eclipse.jetty.server.handler.HandlerWrapper.doStart(HandlerWrapper.java:95) [tr069-0.6.2.jar:0.6.2]
! at org.eclipse.jetty.server.Server.doStart(Server.java:280) [tr069-0.6.2.jar:0.6.2]
! at org.eclipse.jetty.util.component.AbstractLifeCycle.start(AbstractLifeCycle.java:64) [tr069-0.6.2.jar:0.6.2]
! at com.yammer.dropwizard.cli.ServerCommand.run(ServerCommand.java:48) [tr069-0.6.2.jar:0.6.2]
! at com.yammer.dropwizard.cli.EnvironmentCommand.run(EnvironmentCommand.java:39) [tr069-0.6.2.jar:0.6.2]
! at com.yammer.dropwizard.cli.ConfiguredCommand.run(ConfiguredCommand.java:58) [tr069-0.6.2.jar:0.6.2]
! at com.yammer.dropwizard.cli.Cli.run(Cli.java:53) [tr069-0.6.2.jar:0.6.2]
! at com.yammer.dropwizard.Service.run(Service.java:61) [tr069-0.6.2.jar:0.6.2]
! at com.paraam.cpeagent.SimulatorService.main(SimulatorService.java:20) [tr069-0.6.2.jar:0.6.2]
INFO  [2017-04-07 07:02:54,844] org.eclipse.jetty.server.AbstractConnector: Started InstrumentedBlockingChannelConnector@0.0.0.0:8080
INFO  [2017-04-07 07:02:54,866] org.eclipse.jetty.server.AbstractConnector: Started SocketConnector@0.0.0.0:8081
INFO  [2017-04-07 07:06:57,985] org.eclipse.jetty.server.Server: Graceful shutdown SocketConnector@0.0.0.0:8081
INFO  [2017-04-07 07:06:57,987] org.eclipse.jetty.server.Server: Graceful shutdown InstrumentedBlockingChannelConnector@0.0.0.0:8080
INFO  [2017-04-07 07:06:57,994] org.eclipse.jetty.server.Server: Graceful shutdown o.e.j.s.ServletContextHandler{/,null}
INFO  [2017-04-07 07:06:57,995] org.eclipse.jetty.server.Server: Graceful shutdown o.e.j.s.ServletContextHandler{/,null}
INFO  [2017-04-07 07:07:00,050] org.eclipse.jetty.server.handler.ContextHandler: stopped o.e.j.s.ServletContextHandler{/,null}
INFO  [2017-04-07 07:07:00,050] org.eclipse.jetty.server.handler.ContextHandler: stopped o.e.j.s.ServletContextHandler{/,null}
WARN  [2017-04-07 07:07:25,175] com.google.common.cache.CacheBuilder: ignoring weigher specified without maximumWeight
WARN  [2017-04-07 07:07:25,466] com.yammer.dropwizard.config.ServerFactory: 
!!!!!!!!!!!!!!!!!!!!!!!!!!!!!!!!!!!!!!!!!!!!!!!!!!!!!!!!!!!!!!!!!!!!!!!!!!!!!!!!
!!!!!!!!!!!!!!!!!!!!!!!!!!!!!!!!!!!!!!!!!!!!!!!!!!!!!!!!!!!!!!!!!!!!!!!!!!!!!!!!
!    THIS SERVICE HAS NO HEALTHCHECKS. THIS MEANS YOU WILL NEVER KNOW IF IT    !
!    DIES IN PRODUCTION, WHICH MEANS YOU WILL NEVER KNOW IF YOU'RE LETTING     !
!     YOUR USERS DOWN. YOU SHOULD ADD A HEALTHCHECK FOR EACH DEPENDENCY OF     !
!     YOUR SERVICE WHICH FULLY (BUT LIGHTLY) TESTS YOUR SERVICE'S ABILITY TO   !
!      USE THAT SERVICE. THINK OF IT AS A CONTINUOUS INTEGRATION TEST.         !
!!!!!!!!!!!!!!!!!!!!!!!!!!!!!!!!!!!!!!!!!!!!!!!!!!!!!!!!!!!!!!!!!!!!!!!!!!!!!!!!
!!!!!!!!!!!!!!!!!!!!!!!!!!!!!!!!!!!!!!!!!!!!!!!!!!!!!!!!!!!!!!!!!!!!!!!!!!!!!!!!
INFO  [2017-04-07 07:07:25,553] com.yammer.dropwizard.cli.ServerCommand: Starting TR069-Simulator
INFO  [2017-04-07 07:07:25,555] org.eclipse.jetty.server.Server: jetty-8.y.z-SNAPSHOT
INFO  [2017-04-07 07:07:25,735] com.sun.jersey.server.impl.application.WebApplicationImpl: Initiating Jersey application, version 'Jersey: 1.17 01/17/2013 03:31 PM'
INFO  [2017-04-07 07:07:25,795] com.yammer.dropwizard.config.Environment: The following paths were found for the configured resources:


INFO  [2017-04-07 07:07:25,796] com.yammer.dropwizard.config.Environment: tasks = 

    POST    /tasks/gc (com.yammer.dropwizard.tasks.GarbageCollectionTask)

ERROR [2017-04-07 07:07:26,274] com.sun.jersey.server.impl.application.RootResourceUriRules: The ResourceConfig instance does not contain any root resource classes.
WARN  [2017-04-07 07:07:26,280] /: unavailable
! com.sun.jersey.api.container.ContainerException: The ResourceConfig instance does not contain any root resource classes.
! at com.sun.jersey.server.impl.application.RootResourceUriRules.<init>(RootResourceUriRules.java:99) ~[tr069-0.6.2.jar:0.6.2]
! at com.sun.jersey.server.impl.application.WebApplicationImpl._initiate(WebApplicationImpl.java:1331) ~[tr069-0.6.2.jar:0.6.2]
! at com.sun.jersey.server.impl.application.WebApplicationImpl.access$700(WebApplicationImpl.java:168) ~[tr069-0.6.2.jar:0.6.2]
! at com.sun.jersey.server.impl.application.WebApplicationImpl$13.f(WebApplicationImpl.java:774) ~[tr069-0.6.2.jar:0.6.2]
! at com.sun.jersey.server.impl.application.WebApplicationImpl$13.f(WebApplicationImpl.java:770) ~[tr069-0.6.2.jar:0.6.2]
! at com.sun.jersey.spi.inject.Errors.processWithErrors(Errors.java:193) ~[tr069-0.6.2.jar:0.6.2]
! at com.sun.jersey.server.impl.application.WebApplicationImpl.initiate(WebApplicationImpl.java:770) ~[tr069-0.6.2.jar:0.6.2]
! at com.hubspot.dropwizard.guice.GuiceContainer.initiate(GuiceContainer.java:63) ~[tr069-0.6.2.jar:0.6.2]
! at com.sun.jersey.spi.container.servlet.ServletContainer$InternalWebComponent.initiate(ServletContainer.java:319) ~[tr069-0.6.2.jar:0.6.2]
! at com.sun.jersey.spi.container.servlet.WebComponent.load(WebComponent.java:605) ~[tr069-0.6.2.jar:0.6.2]
! at com.sun.jersey.spi.container.servlet.WebComponent.init(WebComponent.java:210) ~[tr069-0.6.2.jar:0.6.2]
! at com.sun.jersey.spi.container.servlet.ServletContainer.init(ServletContainer.java:374) ~[tr069-0.6.2.jar:0.6.2]
! at com.sun.jersey.spi.container.servlet.ServletContainer.init(ServletContainer.java:557) ~[tr069-0.6.2.jar:0.6.2]
! at javax.servlet.GenericServlet.init(GenericServlet.java:244) ~[tr069-0.6.2.jar:0.6.2]
! at org.eclipse.jetty.servlet.ServletHolder.initServlet(ServletHolder.java:519) [tr069-0.6.2.jar:0.6.2]
! at org.eclipse.jetty.servlet.ServletHolder.doStart(ServletHolder.java:331) [tr069-0.6.2.jar:0.6.2]
! at org.eclipse.jetty.util.component.AbstractLifeCycle.start(AbstractLifeCycle.java:64) [tr069-0.6.2.jar:0.6.2]
! at org.eclipse.jetty.servlet.ServletHandler.initialize(ServletHandler.java:742) [tr069-0.6.2.jar:0.6.2]
! at org.eclipse.jetty.servlet.ServletContextHandler.startContext(ServletContextHandler.java:265) [tr069-0.6.2.jar:0.6.2]
! at org.eclipse.jetty.server.handler.ContextHandler.doStart(ContextHandler.java:710) [tr069-0.6.2.jar:0.6.2]
! at org.eclipse.jetty.util.component.AbstractLifeCycle.start(AbstractLifeCycle.java:64) [tr069-0.6.2.jar:0.6.2]
! at org.eclipse.jetty.server.handler.HandlerWrapper.doStart(HandlerWrapper.java:95) [tr069-0.6.2.jar:0.6.2]
! at org.eclipse.jetty.util.component.AbstractLifeCycle.start(AbstractLifeCycle.java:64) [tr069-0.6.2.jar:0.6.2]
! at org.eclipse.jetty.server.handler.HandlerWrapper.doStart(HandlerWrapper.java:95) [tr069-0.6.2.jar:0.6.2]
! at org.eclipse.jetty.util.component.AbstractLifeCycle.start(AbstractLifeCycle.java:64) [tr069-0.6.2.jar:0.6.2]
! at org.eclipse.jetty.server.handler.HandlerCollection.doStart(HandlerCollection.java:229) [tr069-0.6.2.jar:0.6.2]
! at org.eclipse.jetty.util.component.AbstractLifeCycle.start(AbstractLifeCycle.java:64) [tr069-0.6.2.jar:0.6.2]
! at org.eclipse.jetty.server.handler.HandlerWrapper.doStart(HandlerWrapper.java:95) [tr069-0.6.2.jar:0.6.2]
! at org.eclipse.jetty.server.Server.doStart(Server.java:280) [tr069-0.6.2.jar:0.6.2]
! at org.eclipse.jetty.util.component.AbstractLifeCycle.start(AbstractLifeCycle.java:64) [tr069-0.6.2.jar:0.6.2]
! at com.yammer.dropwizard.cli.ServerCommand.run(ServerCommand.java:48) [tr069-0.6.2.jar:0.6.2]
! at com.yammer.dropwizard.cli.EnvironmentCommand.run(EnvironmentCommand.java:39) [tr069-0.6.2.jar:0.6.2]
! at com.yammer.dropwizard.cli.ConfiguredCommand.run(ConfiguredCommand.java:58) [tr069-0.6.2.jar:0.6.2]
! at com.yammer.dropwizard.cli.Cli.run(Cli.java:53) [tr069-0.6.2.jar:0.6.2]
! at com.yammer.dropwizard.Service.run(Service.java:61) [tr069-0.6.2.jar:0.6.2]
! at com.paraam.cpeagent.SimulatorService.main(SimulatorService.java:20) [tr069-0.6.2.jar:0.6.2]
INFO  [2017-04-07 07:07:26,291] org.eclipse.jetty.server.AbstractConnector: Started InstrumentedBlockingChannelConnector@0.0.0.0:8080
INFO  [2017-04-07 07:07:26,297] org.eclipse.jetty.server.AbstractConnector: Started SocketConnector@0.0.0.0:8081
INFO  [2017-04-07 07:34:29,085] org.eclipse.jetty.server.Server: Graceful shutdown SocketConnector@0.0.0.0:8081
INFO  [2017-04-07 07:34:29,086] org.eclipse.jetty.server.Server: Graceful shutdown InstrumentedBlockingChannelConnector@0.0.0.0:8080
INFO  [2017-04-07 07:34:29,088] org.eclipse.jetty.server.Server: Graceful shutdown o.e.j.s.ServletContextHandler{/,null}
INFO  [2017-04-07 07:34:29,088] org.eclipse.jetty.server.Server: Graceful shutdown o.e.j.s.ServletContextHandler{/,null}
INFO  [2017-04-07 07:34:31,140] org.eclipse.jetty.server.handler.ContextHandler: stopped o.e.j.s.ServletContextHandler{/,null}
INFO  [2017-04-07 07:34:31,140] org.eclipse.jetty.server.handler.ContextHandler: stopped o.e.j.s.ServletContextHandler{/,null}
WARN  [2017-04-07 07:34:33,846] com.google.common.cache.CacheBuilder: ignoring weigher specified without maximumWeight
WARN  [2017-04-07 07:34:34,140] com.yammer.dropwizard.config.ServerFactory: 
!!!!!!!!!!!!!!!!!!!!!!!!!!!!!!!!!!!!!!!!!!!!!!!!!!!!!!!!!!!!!!!!!!!!!!!!!!!!!!!!
!!!!!!!!!!!!!!!!!!!!!!!!!!!!!!!!!!!!!!!!!!!!!!!!!!!!!!!!!!!!!!!!!!!!!!!!!!!!!!!!
!    THIS SERVICE HAS NO HEALTHCHECKS. THIS MEANS YOU WILL NEVER KNOW IF IT    !
!    DIES IN PRODUCTION, WHICH MEANS YOU WILL NEVER KNOW IF YOU'RE LETTING     !
!     YOUR USERS DOWN. YOU SHOULD ADD A HEALTHCHECK FOR EACH DEPENDENCY OF     !
!     YOUR SERVICE WHICH FULLY (BUT LIGHTLY) TESTS YOUR SERVICE'S ABILITY TO   !
!      USE THAT SERVICE. THINK OF IT AS A CONTINUOUS INTEGRATION TEST.         !
!!!!!!!!!!!!!!!!!!!!!!!!!!!!!!!!!!!!!!!!!!!!!!!!!!!!!!!!!!!!!!!!!!!!!!!!!!!!!!!!
!!!!!!!!!!!!!!!!!!!!!!!!!!!!!!!!!!!!!!!!!!!!!!!!!!!!!!!!!!!!!!!!!!!!!!!!!!!!!!!!
INFO  [2017-04-07 07:34:34,228] com.yammer.dropwizard.cli.ServerCommand: Starting TR069-Simulator
INFO  [2017-04-07 07:34:34,231] org.eclipse.jetty.server.Server: jetty-8.y.z-SNAPSHOT
INFO  [2017-04-07 07:34:34,359] com.sun.jersey.server.impl.application.WebApplicationImpl: Initiating Jersey application, version 'Jersey: 1.17 01/17/2013 03:31 PM'
INFO  [2017-04-07 07:34:34,502] com.yammer.dropwizard.config.Environment: The following paths were found for the configured resources:


INFO  [2017-04-07 07:34:34,505] com.yammer.dropwizard.config.Environment: tasks = 

    POST    /tasks/gc (com.yammer.dropwizard.tasks.GarbageCollectionTask)

ERROR [2017-04-07 07:34:35,048] com.sun.jersey.server.impl.application.RootResourceUriRules: The ResourceConfig instance does not contain any root resource classes.
WARN  [2017-04-07 07:34:35,054] /: unavailable
! com.sun.jersey.api.container.ContainerException: The ResourceConfig instance does not contain any root resource classes.
! at com.sun.jersey.server.impl.application.RootResourceUriRules.<init>(RootResourceUriRules.java:99) ~[tr069-0.6.2.jar:0.6.2]
! at com.sun.jersey.server.impl.application.WebApplicationImpl._initiate(WebApplicationImpl.java:1331) ~[tr069-0.6.2.jar:0.6.2]
! at com.sun.jersey.server.impl.application.WebApplicationImpl.access$700(WebApplicationImpl.java:168) ~[tr069-0.6.2.jar:0.6.2]
! at com.sun.jersey.server.impl.application.WebApplicationImpl$13.f(WebApplicationImpl.java:774) ~[tr069-0.6.2.jar:0.6.2]
! at com.sun.jersey.server.impl.application.WebApplicationImpl$13.f(WebApplicationImpl.java:770) ~[tr069-0.6.2.jar:0.6.2]
! at com.sun.jersey.spi.inject.Errors.processWithErrors(Errors.java:193) ~[tr069-0.6.2.jar:0.6.2]
! at com.sun.jersey.server.impl.application.WebApplicationImpl.initiate(WebApplicationImpl.java:770) ~[tr069-0.6.2.jar:0.6.2]
! at com.hubspot.dropwizard.guice.GuiceContainer.initiate(GuiceContainer.java:63) ~[tr069-0.6.2.jar:0.6.2]
! at com.sun.jersey.spi.container.servlet.ServletContainer$InternalWebComponent.initiate(ServletContainer.java:319) ~[tr069-0.6.2.jar:0.6.2]
! at com.sun.jersey.spi.container.servlet.WebComponent.load(WebComponent.java:605) ~[tr069-0.6.2.jar:0.6.2]
! at com.sun.jersey.spi.container.servlet.WebComponent.init(WebComponent.java:210) ~[tr069-0.6.2.jar:0.6.2]
! at com.sun.jersey.spi.container.servlet.ServletContainer.init(ServletContainer.java:374) ~[tr069-0.6.2.jar:0.6.2]
! at com.sun.jersey.spi.container.servlet.ServletContainer.init(ServletContainer.java:557) ~[tr069-0.6.2.jar:0.6.2]
! at javax.servlet.GenericServlet.init(GenericServlet.java:244) ~[tr069-0.6.2.jar:0.6.2]
! at org.eclipse.jetty.servlet.ServletHolder.initServlet(ServletHolder.java:519) [tr069-0.6.2.jar:0.6.2]
! at org.eclipse.jetty.servlet.ServletHolder.doStart(ServletHolder.java:331) [tr069-0.6.2.jar:0.6.2]
! at org.eclipse.jetty.util.component.AbstractLifeCycle.start(AbstractLifeCycle.java:64) [tr069-0.6.2.jar:0.6.2]
! at org.eclipse.jetty.servlet.ServletHandler.initialize(ServletHandler.java:742) [tr069-0.6.2.jar:0.6.2]
! at org.eclipse.jetty.servlet.ServletContextHandler.startContext(ServletContextHandler.java:265) [tr069-0.6.2.jar:0.6.2]
! at org.eclipse.jetty.server.handler.ContextHandler.doStart(ContextHandler.java:710) [tr069-0.6.2.jar:0.6.2]
! at org.eclipse.jetty.util.component.AbstractLifeCycle.start(AbstractLifeCycle.java:64) [tr069-0.6.2.jar:0.6.2]
! at org.eclipse.jetty.server.handler.HandlerWrapper.doStart(HandlerWrapper.java:95) [tr069-0.6.2.jar:0.6.2]
! at org.eclipse.jetty.util.component.AbstractLifeCycle.start(AbstractLifeCycle.java:64) [tr069-0.6.2.jar:0.6.2]
! at org.eclipse.jetty.server.handler.HandlerWrapper.doStart(HandlerWrapper.java:95) [tr069-0.6.2.jar:0.6.2]
! at org.eclipse.jetty.util.component.AbstractLifeCycle.start(AbstractLifeCycle.java:64) [tr069-0.6.2.jar:0.6.2]
! at org.eclipse.jetty.server.handler.HandlerCollection.doStart(HandlerCollection.java:229) [tr069-0.6.2.jar:0.6.2]
! at org.eclipse.jetty.util.component.AbstractLifeCycle.start(AbstractLifeCycle.java:64) [tr069-0.6.2.jar:0.6.2]
! at org.eclipse.jetty.server.handler.HandlerWrapper.doStart(HandlerWrapper.java:95) [tr069-0.6.2.jar:0.6.2]
! at org.eclipse.jetty.server.Server.doStart(Server.java:280) [tr069-0.6.2.jar:0.6.2]
! at org.eclipse.jetty.util.component.AbstractLifeCycle.start(AbstractLifeCycle.java:64) [tr069-0.6.2.jar:0.6.2]
! at com.yammer.dropwizard.cli.ServerCommand.run(ServerCommand.java:48) [tr069-0.6.2.jar:0.6.2]
! at com.yammer.dropwizard.cli.EnvironmentCommand.run(EnvironmentCommand.java:39) [tr069-0.6.2.jar:0.6.2]
! at com.yammer.dropwizard.cli.ConfiguredCommand.run(ConfiguredCommand.java:58) [tr069-0.6.2.jar:0.6.2]
! at com.yammer.dropwizard.cli.Cli.run(Cli.java:53) [tr069-0.6.2.jar:0.6.2]
! at com.yammer.dropwizard.Service.run(Service.java:61) [tr069-0.6.2.jar:0.6.2]
! at com.paraam.cpeagent.SimulatorService.main(SimulatorService.java:20) [tr069-0.6.2.jar:0.6.2]
INFO  [2017-04-07 07:34:35,072] org.eclipse.jetty.server.AbstractConnector: Started InstrumentedBlockingChannelConnector@0.0.0.0:8080
INFO  [2017-04-07 07:34:35,077] org.eclipse.jetty.server.AbstractConnector: Started SocketConnector@0.0.0.0:8081
INFO  [2017-04-07 07:34:58,478] org.eclipse.jetty.server.Server: Graceful shutdown SocketConnector@0.0.0.0:8081
INFO  [2017-04-07 07:34:58,479] org.eclipse.jetty.server.Server: Graceful shutdown InstrumentedBlockingChannelConnector@0.0.0.0:8080
INFO  [2017-04-07 07:34:58,480] org.eclipse.jetty.server.Server: Graceful shutdown o.e.j.s.ServletContextHandler{/,null}
INFO  [2017-04-07 07:34:58,480] org.eclipse.jetty.server.Server: Graceful shutdown o.e.j.s.ServletContextHandler{/,null}
INFO  [2017-04-07 07:35:00,532] org.eclipse.jetty.server.handler.ContextHandler: stopped o.e.j.s.ServletContextHandler{/,null}
INFO  [2017-04-07 07:35:00,532] org.eclipse.jetty.server.handler.ContextHandler: stopped o.e.j.s.ServletContextHandler{/,null}
WARN  [2017-04-07 07:35:09,436] com.google.common.cache.CacheBuilder: ignoring weigher specified without maximumWeight
WARN  [2017-04-07 07:35:09,724] com.yammer.dropwizard.config.ServerFactory: 
!!!!!!!!!!!!!!!!!!!!!!!!!!!!!!!!!!!!!!!!!!!!!!!!!!!!!!!!!!!!!!!!!!!!!!!!!!!!!!!!
!!!!!!!!!!!!!!!!!!!!!!!!!!!!!!!!!!!!!!!!!!!!!!!!!!!!!!!!!!!!!!!!!!!!!!!!!!!!!!!!
!    THIS SERVICE HAS NO HEALTHCHECKS. THIS MEANS YOU WILL NEVER KNOW IF IT    !
!    DIES IN PRODUCTION, WHICH MEANS YOU WILL NEVER KNOW IF YOU'RE LETTING     !
!     YOUR USERS DOWN. YOU SHOULD ADD A HEALTHCHECK FOR EACH DEPENDENCY OF     !
!     YOUR SERVICE WHICH FULLY (BUT LIGHTLY) TESTS YOUR SERVICE'S ABILITY TO   !
!      USE THAT SERVICE. THINK OF IT AS A CONTINUOUS INTEGRATION TEST.         !
!!!!!!!!!!!!!!!!!!!!!!!!!!!!!!!!!!!!!!!!!!!!!!!!!!!!!!!!!!!!!!!!!!!!!!!!!!!!!!!!
!!!!!!!!!!!!!!!!!!!!!!!!!!!!!!!!!!!!!!!!!!!!!!!!!!!!!!!!!!!!!!!!!!!!!!!!!!!!!!!!
INFO  [2017-04-07 07:35:09,815] com.yammer.dropwizard.cli.ServerCommand: Starting TR069-Simulator
INFO  [2017-04-07 07:35:09,818] org.eclipse.jetty.server.Server: jetty-8.y.z-SNAPSHOT
INFO  [2017-04-07 07:35:10,049] com.sun.jersey.server.impl.application.WebApplicationImpl: Initiating Jersey application, version 'Jersey: 1.17 01/17/2013 03:31 PM'
INFO  [2017-04-07 07:35:10,123] com.yammer.dropwizard.config.Environment: The following paths were found for the configured resources:


INFO  [2017-04-07 07:35:10,124] com.yammer.dropwizard.config.Environment: tasks = 

    POST    /tasks/gc (com.yammer.dropwizard.tasks.GarbageCollectionTask)

ERROR [2017-04-07 07:35:10,656] com.sun.jersey.server.impl.application.RootResourceUriRules: The ResourceConfig instance does not contain any root resource classes.
WARN  [2017-04-07 07:35:10,662] /: unavailable
! com.sun.jersey.api.container.ContainerException: The ResourceConfig instance does not contain any root resource classes.
! at com.sun.jersey.server.impl.application.RootResourceUriRules.<init>(RootResourceUriRules.java:99) ~[tr069-0.6.2.jar:0.6.2]
! at com.sun.jersey.server.impl.application.WebApplicationImpl._initiate(WebApplicationImpl.java:1331) ~[tr069-0.6.2.jar:0.6.2]
! at com.sun.jersey.server.impl.application.WebApplicationImpl.access$700(WebApplicationImpl.java:168) ~[tr069-0.6.2.jar:0.6.2]
! at com.sun.jersey.server.impl.application.WebApplicationImpl$13.f(WebApplicationImpl.java:774) ~[tr069-0.6.2.jar:0.6.2]
! at com.sun.jersey.server.impl.application.WebApplicationImpl$13.f(WebApplicationImpl.java:770) ~[tr069-0.6.2.jar:0.6.2]
! at com.sun.jersey.spi.inject.Errors.processWithErrors(Errors.java:193) ~[tr069-0.6.2.jar:0.6.2]
! at com.sun.jersey.server.impl.application.WebApplicationImpl.initiate(WebApplicationImpl.java:770) ~[tr069-0.6.2.jar:0.6.2]
! at com.hubspot.dropwizard.guice.GuiceContainer.initiate(GuiceContainer.java:63) ~[tr069-0.6.2.jar:0.6.2]
! at com.sun.jersey.spi.container.servlet.ServletContainer$InternalWebComponent.initiate(ServletContainer.java:319) ~[tr069-0.6.2.jar:0.6.2]
! at com.sun.jersey.spi.container.servlet.WebComponent.load(WebComponent.java:605) ~[tr069-0.6.2.jar:0.6.2]
! at com.sun.jersey.spi.container.servlet.WebComponent.init(WebComponent.java:210) ~[tr069-0.6.2.jar:0.6.2]
! at com.sun.jersey.spi.container.servlet.ServletContainer.init(ServletContainer.java:374) ~[tr069-0.6.2.jar:0.6.2]
! at com.sun.jersey.spi.container.servlet.ServletContainer.init(ServletContainer.java:557) ~[tr069-0.6.2.jar:0.6.2]
! at javax.servlet.GenericServlet.init(GenericServlet.java:244) ~[tr069-0.6.2.jar:0.6.2]
! at org.eclipse.jetty.servlet.ServletHolder.initServlet(ServletHolder.java:519) [tr069-0.6.2.jar:0.6.2]
! at org.eclipse.jetty.servlet.ServletHolder.doStart(ServletHolder.java:331) [tr069-0.6.2.jar:0.6.2]
! at org.eclipse.jetty.util.component.AbstractLifeCycle.start(AbstractLifeCycle.java:64) [tr069-0.6.2.jar:0.6.2]
! at org.eclipse.jetty.servlet.ServletHandler.initialize(ServletHandler.java:742) [tr069-0.6.2.jar:0.6.2]
! at org.eclipse.jetty.servlet.ServletContextHandler.startContext(ServletContextHandler.java:265) [tr069-0.6.2.jar:0.6.2]
! at org.eclipse.jetty.server.handler.ContextHandler.doStart(ContextHandler.java:710) [tr069-0.6.2.jar:0.6.2]
! at org.eclipse.jetty.util.component.AbstractLifeCycle.start(AbstractLifeCycle.java:64) [tr069-0.6.2.jar:0.6.2]
! at org.eclipse.jetty.server.handler.HandlerWrapper.doStart(HandlerWrapper.java:95) [tr069-0.6.2.jar:0.6.2]
! at org.eclipse.jetty.util.component.AbstractLifeCycle.start(AbstractLifeCycle.java:64) [tr069-0.6.2.jar:0.6.2]
! at org.eclipse.jetty.server.handler.HandlerWrapper.doStart(HandlerWrapper.java:95) [tr069-0.6.2.jar:0.6.2]
! at org.eclipse.jetty.util.component.AbstractLifeCycle.start(AbstractLifeCycle.java:64) [tr069-0.6.2.jar:0.6.2]
! at org.eclipse.jetty.server.handler.HandlerCollection.doStart(HandlerCollection.java:229) [tr069-0.6.2.jar:0.6.2]
! at org.eclipse.jetty.util.component.AbstractLifeCycle.start(AbstractLifeCycle.java:64) [tr069-0.6.2.jar:0.6.2]
! at org.eclipse.jetty.server.handler.HandlerWrapper.doStart(HandlerWrapper.java:95) [tr069-0.6.2.jar:0.6.2]
! at org.eclipse.jetty.server.Server.doStart(Server.java:280) [tr069-0.6.2.jar:0.6.2]
! at org.eclipse.jetty.util.component.AbstractLifeCycle.start(AbstractLifeCycle.java:64) [tr069-0.6.2.jar:0.6.2]
! at com.yammer.dropwizard.cli.ServerCommand.run(ServerCommand.java:48) [tr069-0.6.2.jar:0.6.2]
! at com.yammer.dropwizard.cli.EnvironmentCommand.run(EnvironmentCommand.java:39) [tr069-0.6.2.jar:0.6.2]
! at com.yammer.dropwizard.cli.ConfiguredCommand.run(ConfiguredCommand.java:58) [tr069-0.6.2.jar:0.6.2]
! at com.yammer.dropwizard.cli.Cli.run(Cli.java:53) [tr069-0.6.2.jar:0.6.2]
! at com.yammer.dropwizard.Service.run(Service.java:61) [tr069-0.6.2.jar:0.6.2]
! at com.paraam.cpeagent.SimulatorService.main(SimulatorService.java:20) [tr069-0.6.2.jar:0.6.2]
INFO  [2017-04-07 07:35:10,676] org.eclipse.jetty.server.AbstractConnector: Started InstrumentedBlockingChannelConnector@0.0.0.0:8080
INFO  [2017-04-07 07:35:10,681] org.eclipse.jetty.server.AbstractConnector: Started SocketConnector@0.0.0.0:8081
INFO  [2017-04-07 07:36:51,741] org.eclipse.jetty.server.Server: Graceful shutdown SocketConnector@0.0.0.0:8081
INFO  [2017-04-07 07:36:51,742] org.eclipse.jetty.server.Server: Graceful shutdown InstrumentedBlockingChannelConnector@0.0.0.0:8080
INFO  [2017-04-07 07:36:51,743] org.eclipse.jetty.server.Server: Graceful shutdown o.e.j.s.ServletContextHandler{/,null}
INFO  [2017-04-07 07:36:51,743] org.eclipse.jetty.server.Server: Graceful shutdown o.e.j.s.ServletContextHandler{/,null}
INFO  [2017-04-07 07:36:53,797] org.eclipse.jetty.server.handler.ContextHandler: stopped o.e.j.s.ServletContextHandler{/,null}
INFO  [2017-04-07 07:36:53,797] org.eclipse.jetty.server.handler.ContextHandler: stopped o.e.j.s.ServletContextHandler{/,null}
WARN  [2017-04-07 07:37:57,420] com.google.common.cache.CacheBuilder: ignoring weigher specified without maximumWeight
WARN  [2017-04-07 07:37:57,791] com.yammer.dropwizard.config.ServerFactory: 
!!!!!!!!!!!!!!!!!!!!!!!!!!!!!!!!!!!!!!!!!!!!!!!!!!!!!!!!!!!!!!!!!!!!!!!!!!!!!!!!
!!!!!!!!!!!!!!!!!!!!!!!!!!!!!!!!!!!!!!!!!!!!!!!!!!!!!!!!!!!!!!!!!!!!!!!!!!!!!!!!
!    THIS SERVICE HAS NO HEALTHCHECKS. THIS MEANS YOU WILL NEVER KNOW IF IT    !
!    DIES IN PRODUCTION, WHICH MEANS YOU WILL NEVER KNOW IF YOU'RE LETTING     !
!     YOUR USERS DOWN. YOU SHOULD ADD A HEALTHCHECK FOR EACH DEPENDENCY OF     !
!     YOUR SERVICE WHICH FULLY (BUT LIGHTLY) TESTS YOUR SERVICE'S ABILITY TO   !
!      USE THAT SERVICE. THINK OF IT AS A CONTINUOUS INTEGRATION TEST.         !
!!!!!!!!!!!!!!!!!!!!!!!!!!!!!!!!!!!!!!!!!!!!!!!!!!!!!!!!!!!!!!!!!!!!!!!!!!!!!!!!
!!!!!!!!!!!!!!!!!!!!!!!!!!!!!!!!!!!!!!!!!!!!!!!!!!!!!!!!!!!!!!!!!!!!!!!!!!!!!!!!
INFO  [2017-04-07 07:37:57,909] com.yammer.dropwizard.cli.ServerCommand: Starting TR069-Simulator
INFO  [2017-04-07 07:37:57,911] org.eclipse.jetty.server.Server: jetty-8.y.z-SNAPSHOT
INFO  [2017-04-07 07:37:58,307] com.sun.jersey.server.impl.application.WebApplicationImpl: Initiating Jersey application, version 'Jersey: 1.17 01/17/2013 03:31 PM'
INFO  [2017-04-07 07:37:58,398] com.yammer.dropwizard.config.Environment: The following paths were found for the configured resources:


INFO  [2017-04-07 07:37:58,398] com.yammer.dropwizard.config.Environment: tasks = 

    POST    /tasks/gc (com.yammer.dropwizard.tasks.GarbageCollectionTask)

ERROR [2017-04-07 07:37:59,360] com.sun.jersey.server.impl.application.RootResourceUriRules: The ResourceConfig instance does not contain any root resource classes.
WARN  [2017-04-07 07:37:59,371] /: unavailable
! com.sun.jersey.api.container.ContainerException: The ResourceConfig instance does not contain any root resource classes.
! at com.sun.jersey.server.impl.application.RootResourceUriRules.<init>(RootResourceUriRules.java:99) ~[tr069-0.6.2.jar:0.6.2]
! at com.sun.jersey.server.impl.application.WebApplicationImpl._initiate(WebApplicationImpl.java:1331) ~[tr069-0.6.2.jar:0.6.2]
! at com.sun.jersey.server.impl.application.WebApplicationImpl.access$700(WebApplicationImpl.java:168) ~[tr069-0.6.2.jar:0.6.2]
! at com.sun.jersey.server.impl.application.WebApplicationImpl$13.f(WebApplicationImpl.java:774) ~[tr069-0.6.2.jar:0.6.2]
! at com.sun.jersey.server.impl.application.WebApplicationImpl$13.f(WebApplicationImpl.java:770) ~[tr069-0.6.2.jar:0.6.2]
! at com.sun.jersey.spi.inject.Errors.processWithErrors(Errors.java:193) ~[tr069-0.6.2.jar:0.6.2]
! at com.sun.jersey.server.impl.application.WebApplicationImpl.initiate(WebApplicationImpl.java:770) ~[tr069-0.6.2.jar:0.6.2]
! at com.hubspot.dropwizard.guice.GuiceContainer.initiate(GuiceContainer.java:63) ~[tr069-0.6.2.jar:0.6.2]
! at com.sun.jersey.spi.container.servlet.ServletContainer$InternalWebComponent.initiate(ServletContainer.java:319) ~[tr069-0.6.2.jar:0.6.2]
! at com.sun.jersey.spi.container.servlet.WebComponent.load(WebComponent.java:605) ~[tr069-0.6.2.jar:0.6.2]
! at com.sun.jersey.spi.container.servlet.WebComponent.init(WebComponent.java:210) ~[tr069-0.6.2.jar:0.6.2]
! at com.sun.jersey.spi.container.servlet.ServletContainer.init(ServletContainer.java:374) ~[tr069-0.6.2.jar:0.6.2]
! at com.sun.jersey.spi.container.servlet.ServletContainer.init(ServletContainer.java:557) ~[tr069-0.6.2.jar:0.6.2]
! at javax.servlet.GenericServlet.init(GenericServlet.java:244) ~[tr069-0.6.2.jar:0.6.2]
! at org.eclipse.jetty.servlet.ServletHolder.initServlet(ServletHolder.java:519) [tr069-0.6.2.jar:0.6.2]
! at org.eclipse.jetty.servlet.ServletHolder.doStart(ServletHolder.java:331) [tr069-0.6.2.jar:0.6.2]
! at org.eclipse.jetty.util.component.AbstractLifeCycle.start(AbstractLifeCycle.java:64) [tr069-0.6.2.jar:0.6.2]
! at org.eclipse.jetty.servlet.ServletHandler.initialize(ServletHandler.java:742) [tr069-0.6.2.jar:0.6.2]
! at org.eclipse.jetty.servlet.ServletContextHandler.startContext(ServletContextHandler.java:265) [tr069-0.6.2.jar:0.6.2]
! at org.eclipse.jetty.server.handler.ContextHandler.doStart(ContextHandler.java:710) [tr069-0.6.2.jar:0.6.2]
! at org.eclipse.jetty.util.component.AbstractLifeCycle.start(AbstractLifeCycle.java:64) [tr069-0.6.2.jar:0.6.2]
! at org.eclipse.jetty.server.handler.HandlerWrapper.doStart(HandlerWrapper.java:95) [tr069-0.6.2.jar:0.6.2]
! at org.eclipse.jetty.util.component.AbstractLifeCycle.start(AbstractLifeCycle.java:64) [tr069-0.6.2.jar:0.6.2]
! at org.eclipse.jetty.server.handler.HandlerWrapper.doStart(HandlerWrapper.java:95) [tr069-0.6.2.jar:0.6.2]
! at org.eclipse.jetty.util.component.AbstractLifeCycle.start(AbstractLifeCycle.java:64) [tr069-0.6.2.jar:0.6.2]
! at org.eclipse.jetty.server.handler.HandlerCollection.doStart(HandlerCollection.java:229) [tr069-0.6.2.jar:0.6.2]
! at org.eclipse.jetty.util.component.AbstractLifeCycle.start(AbstractLifeCycle.java:64) [tr069-0.6.2.jar:0.6.2]
! at org.eclipse.jetty.server.handler.HandlerWrapper.doStart(HandlerWrapper.java:95) [tr069-0.6.2.jar:0.6.2]
! at org.eclipse.jetty.server.Server.doStart(Server.java:280) [tr069-0.6.2.jar:0.6.2]
! at org.eclipse.jetty.util.component.AbstractLifeCycle.start(AbstractLifeCycle.java:64) [tr069-0.6.2.jar:0.6.2]
! at com.yammer.dropwizard.cli.ServerCommand.run(ServerCommand.java:48) [tr069-0.6.2.jar:0.6.2]
! at com.yammer.dropwizard.cli.EnvironmentCommand.run(EnvironmentCommand.java:39) [tr069-0.6.2.jar:0.6.2]
! at com.yammer.dropwizard.cli.ConfiguredCommand.run(ConfiguredCommand.java:58) [tr069-0.6.2.jar:0.6.2]
! at com.yammer.dropwizard.cli.Cli.run(Cli.java:53) [tr069-0.6.2.jar:0.6.2]
! at com.yammer.dropwizard.Service.run(Service.java:61) [tr069-0.6.2.jar:0.6.2]
! at com.paraam.cpeagent.SimulatorService.main(SimulatorService.java:20) [tr069-0.6.2.jar:0.6.2]
INFO  [2017-04-07 07:37:59,407] org.eclipse.jetty.server.AbstractConnector: Started InstrumentedBlockingChannelConnector@0.0.0.0:8080
INFO  [2017-04-07 07:37:59,419] org.eclipse.jetty.server.AbstractConnector: Started SocketConnector@0.0.0.0:8081
INFO  [2017-04-07 12:19:40,102] org.eclipse.jetty.server.Server: Graceful shutdown SocketConnector@0.0.0.0:8081
INFO  [2017-04-07 12:19:40,105] org.eclipse.jetty.server.Server: Graceful shutdown InstrumentedBlockingChannelConnector@0.0.0.0:8080
INFO  [2017-04-07 12:19:40,106] org.eclipse.jetty.server.Server: Graceful shutdown o.e.j.s.ServletContextHandler{/,null}
INFO  [2017-04-07 12:19:40,107] org.eclipse.jetty.server.Server: Graceful shutdown o.e.j.s.ServletContextHandler{/,null}
INFO  [2017-04-07 12:19:42,159] org.eclipse.jetty.server.handler.ContextHandler: stopped o.e.j.s.ServletContextHandler{/,null}
INFO  [2017-04-07 12:19:42,159] org.eclipse.jetty.server.handler.ContextHandler: stopped o.e.j.s.ServletContextHandler{/,null}
WARN  [2017-04-07 12:19:45,865] com.google.common.cache.CacheBuilder: ignoring weigher specified without maximumWeight
WARN  [2017-04-07 12:19:46,338] com.yammer.dropwizard.config.ServerFactory: 
!!!!!!!!!!!!!!!!!!!!!!!!!!!!!!!!!!!!!!!!!!!!!!!!!!!!!!!!!!!!!!!!!!!!!!!!!!!!!!!!
!!!!!!!!!!!!!!!!!!!!!!!!!!!!!!!!!!!!!!!!!!!!!!!!!!!!!!!!!!!!!!!!!!!!!!!!!!!!!!!!
!    THIS SERVICE HAS NO HEALTHCHECKS. THIS MEANS YOU WILL NEVER KNOW IF IT    !
!    DIES IN PRODUCTION, WHICH MEANS YOU WILL NEVER KNOW IF YOU'RE LETTING     !
!     YOUR USERS DOWN. YOU SHOULD ADD A HEALTHCHECK FOR EACH DEPENDENCY OF     !
!     YOUR SERVICE WHICH FULLY (BUT LIGHTLY) TESTS YOUR SERVICE'S ABILITY TO   !
!      USE THAT SERVICE. THINK OF IT AS A CONTINUOUS INTEGRATION TEST.         !
!!!!!!!!!!!!!!!!!!!!!!!!!!!!!!!!!!!!!!!!!!!!!!!!!!!!!!!!!!!!!!!!!!!!!!!!!!!!!!!!
!!!!!!!!!!!!!!!!!!!!!!!!!!!!!!!!!!!!!!!!!!!!!!!!!!!!!!!!!!!!!!!!!!!!!!!!!!!!!!!!
INFO  [2017-04-07 12:19:46,513] com.yammer.dropwizard.cli.ServerCommand: Starting TR069-Simulator
INFO  [2017-04-07 12:19:46,518] org.eclipse.jetty.server.Server: jetty-8.y.z-SNAPSHOT
INFO  [2017-04-07 12:19:46,753] com.sun.jersey.server.impl.application.WebApplicationImpl: Initiating Jersey application, version 'Jersey: 1.17 01/17/2013 03:31 PM'
INFO  [2017-04-07 12:19:46,856] com.yammer.dropwizard.config.Environment: The following paths were found for the configured resources:


INFO  [2017-04-07 12:19:46,856] com.yammer.dropwizard.config.Environment: tasks = 

    POST    /tasks/gc (com.yammer.dropwizard.tasks.GarbageCollectionTask)

ERROR [2017-04-07 12:19:47,686] com.sun.jersey.server.impl.application.RootResourceUriRules: The ResourceConfig instance does not contain any root resource classes.
WARN  [2017-04-07 12:19:47,694] /: unavailable
! com.sun.jersey.api.container.ContainerException: The ResourceConfig instance does not contain any root resource classes.
! at com.sun.jersey.server.impl.application.RootResourceUriRules.<init>(RootResourceUriRules.java:99) ~[tr069-0.6.2.jar:0.6.2]
! at com.sun.jersey.server.impl.application.WebApplicationImpl._initiate(WebApplicationImpl.java:1331) ~[tr069-0.6.2.jar:0.6.2]
! at com.sun.jersey.server.impl.application.WebApplicationImpl.access$700(WebApplicationImpl.java:168) ~[tr069-0.6.2.jar:0.6.2]
! at com.sun.jersey.server.impl.application.WebApplicationImpl$13.f(WebApplicationImpl.java:774) ~[tr069-0.6.2.jar:0.6.2]
! at com.sun.jersey.server.impl.application.WebApplicationImpl$13.f(WebApplicationImpl.java:770) ~[tr069-0.6.2.jar:0.6.2]
! at com.sun.jersey.spi.inject.Errors.processWithErrors(Errors.java:193) ~[tr069-0.6.2.jar:0.6.2]
! at com.sun.jersey.server.impl.application.WebApplicationImpl.initiate(WebApplicationImpl.java:770) ~[tr069-0.6.2.jar:0.6.2]
! at com.hubspot.dropwizard.guice.GuiceContainer.initiate(GuiceContainer.java:63) ~[tr069-0.6.2.jar:0.6.2]
! at com.sun.jersey.spi.container.servlet.ServletContainer$InternalWebComponent.initiate(ServletContainer.java:319) ~[tr069-0.6.2.jar:0.6.2]
! at com.sun.jersey.spi.container.servlet.WebComponent.load(WebComponent.java:605) ~[tr069-0.6.2.jar:0.6.2]
! at com.sun.jersey.spi.container.servlet.WebComponent.init(WebComponent.java:210) ~[tr069-0.6.2.jar:0.6.2]
! at com.sun.jersey.spi.container.servlet.ServletContainer.init(ServletContainer.java:374) ~[tr069-0.6.2.jar:0.6.2]
! at com.sun.jersey.spi.container.servlet.ServletContainer.init(ServletContainer.java:557) ~[tr069-0.6.2.jar:0.6.2]
! at javax.servlet.GenericServlet.init(GenericServlet.java:244) ~[tr069-0.6.2.jar:0.6.2]
! at org.eclipse.jetty.servlet.ServletHolder.initServlet(ServletHolder.java:519) [tr069-0.6.2.jar:0.6.2]
! at org.eclipse.jetty.servlet.ServletHolder.doStart(ServletHolder.java:331) [tr069-0.6.2.jar:0.6.2]
! at org.eclipse.jetty.util.component.AbstractLifeCycle.start(AbstractLifeCycle.java:64) [tr069-0.6.2.jar:0.6.2]
! at org.eclipse.jetty.servlet.ServletHandler.initialize(ServletHandler.java:742) [tr069-0.6.2.jar:0.6.2]
! at org.eclipse.jetty.servlet.ServletContextHandler.startContext(ServletContextHandler.java:265) [tr069-0.6.2.jar:0.6.2]
! at org.eclipse.jetty.server.handler.ContextHandler.doStart(ContextHandler.java:710) [tr069-0.6.2.jar:0.6.2]
! at org.eclipse.jetty.util.component.AbstractLifeCycle.start(AbstractLifeCycle.java:64) [tr069-0.6.2.jar:0.6.2]
! at org.eclipse.jetty.server.handler.HandlerWrapper.doStart(HandlerWrapper.java:95) [tr069-0.6.2.jar:0.6.2]
! at org.eclipse.jetty.util.component.AbstractLifeCycle.start(AbstractLifeCycle.java:64) [tr069-0.6.2.jar:0.6.2]
! at org.eclipse.jetty.server.handler.HandlerWrapper.doStart(HandlerWrapper.java:95) [tr069-0.6.2.jar:0.6.2]
! at org.eclipse.jetty.util.component.AbstractLifeCycle.start(AbstractLifeCycle.java:64) [tr069-0.6.2.jar:0.6.2]
! at org.eclipse.jetty.server.handler.HandlerCollection.doStart(HandlerCollection.java:229) [tr069-0.6.2.jar:0.6.2]
! at org.eclipse.jetty.util.component.AbstractLifeCycle.start(AbstractLifeCycle.java:64) [tr069-0.6.2.jar:0.6.2]
! at org.eclipse.jetty.server.handler.HandlerWrapper.doStart(HandlerWrapper.java:95) [tr069-0.6.2.jar:0.6.2]
! at org.eclipse.jetty.server.Server.doStart(Server.java:280) [tr069-0.6.2.jar:0.6.2]
! at org.eclipse.jetty.util.component.AbstractLifeCycle.start(AbstractLifeCycle.java:64) [tr069-0.6.2.jar:0.6.2]
! at com.yammer.dropwizard.cli.ServerCommand.run(ServerCommand.java:48) [tr069-0.6.2.jar:0.6.2]
! at com.yammer.dropwizard.cli.EnvironmentCommand.run(EnvironmentCommand.java:39) [tr069-0.6.2.jar:0.6.2]
! at com.yammer.dropwizard.cli.ConfiguredCommand.run(ConfiguredCommand.java:58) [tr069-0.6.2.jar:0.6.2]
! at com.yammer.dropwizard.cli.Cli.run(Cli.java:53) [tr069-0.6.2.jar:0.6.2]
! at com.yammer.dropwizard.Service.run(Service.java:61) [tr069-0.6.2.jar:0.6.2]
! at com.paraam.cpeagent.SimulatorService.main(SimulatorService.java:20) [tr069-0.6.2.jar:0.6.2]
INFO  [2017-04-07 12:19:47,758] org.eclipse.jetty.server.AbstractConnector: Started InstrumentedBlockingChannelConnector@0.0.0.0:8080
INFO  [2017-04-07 12:19:47,760] org.eclipse.jetty.server.AbstractConnector: Started SocketConnector@0.0.0.0:8081
INFO  [2017-04-07 12:20:20,963] org.eclipse.jetty.server.Server: Graceful shutdown SocketConnector@0.0.0.0:8081
INFO  [2017-04-07 12:20:20,963] org.eclipse.jetty.server.Server: Graceful shutdown InstrumentedBlockingChannelConnector@0.0.0.0:8080
INFO  [2017-04-07 12:20:20,964] org.eclipse.jetty.server.Server: Graceful shutdown o.e.j.s.ServletContextHandler{/,null}
INFO  [2017-04-07 12:20:20,964] org.eclipse.jetty.server.Server: Graceful shutdown o.e.j.s.ServletContextHandler{/,null}
INFO  [2017-04-07 12:20:23,016] org.eclipse.jetty.server.handler.ContextHandler: stopped o.e.j.s.ServletContextHandler{/,null}
INFO  [2017-04-07 12:20:23,016] org.eclipse.jetty.server.handler.ContextHandler: stopped o.e.j.s.ServletContextHandler{/,null}
WARN  [2017-04-07 12:20:25,932] com.google.common.cache.CacheBuilder: ignoring weigher specified without maximumWeight
WARN  [2017-04-07 12:20:26,313] com.yammer.dropwizard.config.ServerFactory: 
!!!!!!!!!!!!!!!!!!!!!!!!!!!!!!!!!!!!!!!!!!!!!!!!!!!!!!!!!!!!!!!!!!!!!!!!!!!!!!!!
!!!!!!!!!!!!!!!!!!!!!!!!!!!!!!!!!!!!!!!!!!!!!!!!!!!!!!!!!!!!!!!!!!!!!!!!!!!!!!!!
!    THIS SERVICE HAS NO HEALTHCHECKS. THIS MEANS YOU WILL NEVER KNOW IF IT    !
!    DIES IN PRODUCTION, WHICH MEANS YOU WILL NEVER KNOW IF YOU'RE LETTING     !
!     YOUR USERS DOWN. YOU SHOULD ADD A HEALTHCHECK FOR EACH DEPENDENCY OF     !
!     YOUR SERVICE WHICH FULLY (BUT LIGHTLY) TESTS YOUR SERVICE'S ABILITY TO   !
!      USE THAT SERVICE. THINK OF IT AS A CONTINUOUS INTEGRATION TEST.         !
!!!!!!!!!!!!!!!!!!!!!!!!!!!!!!!!!!!!!!!!!!!!!!!!!!!!!!!!!!!!!!!!!!!!!!!!!!!!!!!!
!!!!!!!!!!!!!!!!!!!!!!!!!!!!!!!!!!!!!!!!!!!!!!!!!!!!!!!!!!!!!!!!!!!!!!!!!!!!!!!!
INFO  [2017-04-07 12:20:26,486] com.yammer.dropwizard.cli.ServerCommand: Starting TR069-Simulator
INFO  [2017-04-07 12:20:26,490] org.eclipse.jetty.server.Server: jetty-8.y.z-SNAPSHOT
INFO  [2017-04-07 12:20:26,727] com.sun.jersey.server.impl.application.WebApplicationImpl: Initiating Jersey application, version 'Jersey: 1.17 01/17/2013 03:31 PM'
INFO  [2017-04-07 12:20:26,827] com.yammer.dropwizard.config.Environment: The following paths were found for the configured resources:


INFO  [2017-04-07 12:20:26,827] com.yammer.dropwizard.config.Environment: tasks = 

    POST    /tasks/gc (com.yammer.dropwizard.tasks.GarbageCollectionTask)

ERROR [2017-04-07 12:20:27,511] com.sun.jersey.server.impl.application.RootResourceUriRules: The ResourceConfig instance does not contain any root resource classes.
WARN  [2017-04-07 12:20:27,516] /: unavailable
! com.sun.jersey.api.container.ContainerException: The ResourceConfig instance does not contain any root resource classes.
! at com.sun.jersey.server.impl.application.RootResourceUriRules.<init>(RootResourceUriRules.java:99) ~[tr069-0.6.2.jar:0.6.2]
! at com.sun.jersey.server.impl.application.WebApplicationImpl._initiate(WebApplicationImpl.java:1331) ~[tr069-0.6.2.jar:0.6.2]
! at com.sun.jersey.server.impl.application.WebApplicationImpl.access$700(WebApplicationImpl.java:168) ~[tr069-0.6.2.jar:0.6.2]
! at com.sun.jersey.server.impl.application.WebApplicationImpl$13.f(WebApplicationImpl.java:774) ~[tr069-0.6.2.jar:0.6.2]
! at com.sun.jersey.server.impl.application.WebApplicationImpl$13.f(WebApplicationImpl.java:770) ~[tr069-0.6.2.jar:0.6.2]
! at com.sun.jersey.spi.inject.Errors.processWithErrors(Errors.java:193) ~[tr069-0.6.2.jar:0.6.2]
! at com.sun.jersey.server.impl.application.WebApplicationImpl.initiate(WebApplicationImpl.java:770) ~[tr069-0.6.2.jar:0.6.2]
! at com.hubspot.dropwizard.guice.GuiceContainer.initiate(GuiceContainer.java:63) ~[tr069-0.6.2.jar:0.6.2]
! at com.sun.jersey.spi.container.servlet.ServletContainer$InternalWebComponent.initiate(ServletContainer.java:319) ~[tr069-0.6.2.jar:0.6.2]
! at com.sun.jersey.spi.container.servlet.WebComponent.load(WebComponent.java:605) ~[tr069-0.6.2.jar:0.6.2]
! at com.sun.jersey.spi.container.servlet.WebComponent.init(WebComponent.java:210) ~[tr069-0.6.2.jar:0.6.2]
! at com.sun.jersey.spi.container.servlet.ServletContainer.init(ServletContainer.java:374) ~[tr069-0.6.2.jar:0.6.2]
! at com.sun.jersey.spi.container.servlet.ServletContainer.init(ServletContainer.java:557) ~[tr069-0.6.2.jar:0.6.2]
! at javax.servlet.GenericServlet.init(GenericServlet.java:244) ~[tr069-0.6.2.jar:0.6.2]
! at org.eclipse.jetty.servlet.ServletHolder.initServlet(ServletHolder.java:519) [tr069-0.6.2.jar:0.6.2]
! at org.eclipse.jetty.servlet.ServletHolder.doStart(ServletHolder.java:331) [tr069-0.6.2.jar:0.6.2]
! at org.eclipse.jetty.util.component.AbstractLifeCycle.start(AbstractLifeCycle.java:64) [tr069-0.6.2.jar:0.6.2]
! at org.eclipse.jetty.servlet.ServletHandler.initialize(ServletHandler.java:742) [tr069-0.6.2.jar:0.6.2]
! at org.eclipse.jetty.servlet.ServletContextHandler.startContext(ServletContextHandler.java:265) [tr069-0.6.2.jar:0.6.2]
! at org.eclipse.jetty.server.handler.ContextHandler.doStart(ContextHandler.java:710) [tr069-0.6.2.jar:0.6.2]
! at org.eclipse.jetty.util.component.AbstractLifeCycle.start(AbstractLifeCycle.java:64) [tr069-0.6.2.jar:0.6.2]
! at org.eclipse.jetty.server.handler.HandlerWrapper.doStart(HandlerWrapper.java:95) [tr069-0.6.2.jar:0.6.2]
! at org.eclipse.jetty.util.component.AbstractLifeCycle.start(AbstractLifeCycle.java:64) [tr069-0.6.2.jar:0.6.2]
! at org.eclipse.jetty.server.handler.HandlerWrapper.doStart(HandlerWrapper.java:95) [tr069-0.6.2.jar:0.6.2]
! at org.eclipse.jetty.util.component.AbstractLifeCycle.start(AbstractLifeCycle.java:64) [tr069-0.6.2.jar:0.6.2]
! at org.eclipse.jetty.server.handler.HandlerCollection.doStart(HandlerCollection.java:229) [tr069-0.6.2.jar:0.6.2]
! at org.eclipse.jetty.util.component.AbstractLifeCycle.start(AbstractLifeCycle.java:64) [tr069-0.6.2.jar:0.6.2]
! at org.eclipse.jetty.server.handler.HandlerWrapper.doStart(HandlerWrapper.java:95) [tr069-0.6.2.jar:0.6.2]
! at org.eclipse.jetty.server.Server.doStart(Server.java:280) [tr069-0.6.2.jar:0.6.2]
! at org.eclipse.jetty.util.component.AbstractLifeCycle.start(AbstractLifeCycle.java:64) [tr069-0.6.2.jar:0.6.2]
! at com.yammer.dropwizard.cli.ServerCommand.run(ServerCommand.java:48) [tr069-0.6.2.jar:0.6.2]
! at com.yammer.dropwizard.cli.EnvironmentCommand.run(EnvironmentCommand.java:39) [tr069-0.6.2.jar:0.6.2]
! at com.yammer.dropwizard.cli.ConfiguredCommand.run(ConfiguredCommand.java:58) [tr069-0.6.2.jar:0.6.2]
! at com.yammer.dropwizard.cli.Cli.run(Cli.java:53) [tr069-0.6.2.jar:0.6.2]
! at com.yammer.dropwizard.Service.run(Service.java:61) [tr069-0.6.2.jar:0.6.2]
! at com.paraam.cpeagent.SimulatorService.main(SimulatorService.java:20) [tr069-0.6.2.jar:0.6.2]
INFO  [2017-04-07 12:20:27,534] org.eclipse.jetty.server.AbstractConnector: Started InstrumentedBlockingChannelConnector@0.0.0.0:8080
INFO  [2017-04-07 12:20:27,537] org.eclipse.jetty.server.AbstractConnector: Started SocketConnector@0.0.0.0:8081
INFO  [2017-04-07 12:21:04,492] org.eclipse.jetty.server.Server: Graceful shutdown SocketConnector@0.0.0.0:8081
INFO  [2017-04-07 12:21:04,492] org.eclipse.jetty.server.Server: Graceful shutdown InstrumentedBlockingChannelConnector@0.0.0.0:8080
INFO  [2017-04-07 12:21:04,493] org.eclipse.jetty.server.Server: Graceful shutdown o.e.j.s.ServletContextHandler{/,null}
INFO  [2017-04-07 12:21:04,493] org.eclipse.jetty.server.Server: Graceful shutdown o.e.j.s.ServletContextHandler{/,null}
INFO  [2017-04-07 12:21:06,545] org.eclipse.jetty.server.handler.ContextHandler: stopped o.e.j.s.ServletContextHandler{/,null}
INFO  [2017-04-07 12:21:06,545] org.eclipse.jetty.server.handler.ContextHandler: stopped o.e.j.s.ServletContextHandler{/,null}
WARN  [2017-04-07 12:21:09,763] com.google.common.cache.CacheBuilder: ignoring weigher specified without maximumWeight
WARN  [2017-04-07 12:21:10,095] com.yammer.dropwizard.config.ServerFactory: 
!!!!!!!!!!!!!!!!!!!!!!!!!!!!!!!!!!!!!!!!!!!!!!!!!!!!!!!!!!!!!!!!!!!!!!!!!!!!!!!!
!!!!!!!!!!!!!!!!!!!!!!!!!!!!!!!!!!!!!!!!!!!!!!!!!!!!!!!!!!!!!!!!!!!!!!!!!!!!!!!!
!    THIS SERVICE HAS NO HEALTHCHECKS. THIS MEANS YOU WILL NEVER KNOW IF IT    !
!    DIES IN PRODUCTION, WHICH MEANS YOU WILL NEVER KNOW IF YOU'RE LETTING     !
!     YOUR USERS DOWN. YOU SHOULD ADD A HEALTHCHECK FOR EACH DEPENDENCY OF     !
!     YOUR SERVICE WHICH FULLY (BUT LIGHTLY) TESTS YOUR SERVICE'S ABILITY TO   !
!      USE THAT SERVICE. THINK OF IT AS A CONTINUOUS INTEGRATION TEST.         !
!!!!!!!!!!!!!!!!!!!!!!!!!!!!!!!!!!!!!!!!!!!!!!!!!!!!!!!!!!!!!!!!!!!!!!!!!!!!!!!!
!!!!!!!!!!!!!!!!!!!!!!!!!!!!!!!!!!!!!!!!!!!!!!!!!!!!!!!!!!!!!!!!!!!!!!!!!!!!!!!!
INFO  [2017-04-07 12:21:10,259] com.yammer.dropwizard.cli.ServerCommand: Starting TR069-Simulator
INFO  [2017-04-07 12:21:10,261] org.eclipse.jetty.server.Server: jetty-8.y.z-SNAPSHOT
INFO  [2017-04-07 12:21:10,534] com.sun.jersey.server.impl.application.WebApplicationImpl: Initiating Jersey application, version 'Jersey: 1.17 01/17/2013 03:31 PM'
INFO  [2017-04-07 12:21:10,597] com.yammer.dropwizard.config.Environment: The following paths were found for the configured resources:


INFO  [2017-04-07 12:21:10,601] com.yammer.dropwizard.config.Environment: tasks = 

    POST    /tasks/gc (com.yammer.dropwizard.tasks.GarbageCollectionTask)

ERROR [2017-04-07 12:21:11,426] com.sun.jersey.server.impl.application.RootResourceUriRules: The ResourceConfig instance does not contain any root resource classes.
WARN  [2017-04-07 12:21:11,431] /: unavailable
! com.sun.jersey.api.container.ContainerException: The ResourceConfig instance does not contain any root resource classes.
! at com.sun.jersey.server.impl.application.RootResourceUriRules.<init>(RootResourceUriRules.java:99) ~[tr069-0.6.2.jar:0.6.2]
! at com.sun.jersey.server.impl.application.WebApplicationImpl._initiate(WebApplicationImpl.java:1331) ~[tr069-0.6.2.jar:0.6.2]
! at com.sun.jersey.server.impl.application.WebApplicationImpl.access$700(WebApplicationImpl.java:168) ~[tr069-0.6.2.jar:0.6.2]
! at com.sun.jersey.server.impl.application.WebApplicationImpl$13.f(WebApplicationImpl.java:774) ~[tr069-0.6.2.jar:0.6.2]
! at com.sun.jersey.server.impl.application.WebApplicationImpl$13.f(WebApplicationImpl.java:770) ~[tr069-0.6.2.jar:0.6.2]
! at com.sun.jersey.spi.inject.Errors.processWithErrors(Errors.java:193) ~[tr069-0.6.2.jar:0.6.2]
! at com.sun.jersey.server.impl.application.WebApplicationImpl.initiate(WebApplicationImpl.java:770) ~[tr069-0.6.2.jar:0.6.2]
! at com.hubspot.dropwizard.guice.GuiceContainer.initiate(GuiceContainer.java:63) ~[tr069-0.6.2.jar:0.6.2]
! at com.sun.jersey.spi.container.servlet.ServletContainer$InternalWebComponent.initiate(ServletContainer.java:319) ~[tr069-0.6.2.jar:0.6.2]
! at com.sun.jersey.spi.container.servlet.WebComponent.load(WebComponent.java:605) ~[tr069-0.6.2.jar:0.6.2]
! at com.sun.jersey.spi.container.servlet.WebComponent.init(WebComponent.java:210) ~[tr069-0.6.2.jar:0.6.2]
! at com.sun.jersey.spi.container.servlet.ServletContainer.init(ServletContainer.java:374) ~[tr069-0.6.2.jar:0.6.2]
! at com.sun.jersey.spi.container.servlet.ServletContainer.init(ServletContainer.java:557) ~[tr069-0.6.2.jar:0.6.2]
! at javax.servlet.GenericServlet.init(GenericServlet.java:244) ~[tr069-0.6.2.jar:0.6.2]
! at org.eclipse.jetty.servlet.ServletHolder.initServlet(ServletHolder.java:519) [tr069-0.6.2.jar:0.6.2]
! at org.eclipse.jetty.servlet.ServletHolder.doStart(ServletHolder.java:331) [tr069-0.6.2.jar:0.6.2]
! at org.eclipse.jetty.util.component.AbstractLifeCycle.start(AbstractLifeCycle.java:64) [tr069-0.6.2.jar:0.6.2]
! at org.eclipse.jetty.servlet.ServletHandler.initialize(ServletHandler.java:742) [tr069-0.6.2.jar:0.6.2]
! at org.eclipse.jetty.servlet.ServletContextHandler.startContext(ServletContextHandler.java:265) [tr069-0.6.2.jar:0.6.2]
! at org.eclipse.jetty.server.handler.ContextHandler.doStart(ContextHandler.java:710) [tr069-0.6.2.jar:0.6.2]
! at org.eclipse.jetty.util.component.AbstractLifeCycle.start(AbstractLifeCycle.java:64) [tr069-0.6.2.jar:0.6.2]
! at org.eclipse.jetty.server.handler.HandlerWrapper.doStart(HandlerWrapper.java:95) [tr069-0.6.2.jar:0.6.2]
! at org.eclipse.jetty.util.component.AbstractLifeCycle.start(AbstractLifeCycle.java:64) [tr069-0.6.2.jar:0.6.2]
! at org.eclipse.jetty.server.handler.HandlerWrapper.doStart(HandlerWrapper.java:95) [tr069-0.6.2.jar:0.6.2]
! at org.eclipse.jetty.util.component.AbstractLifeCycle.start(AbstractLifeCycle.java:64) [tr069-0.6.2.jar:0.6.2]
! at org.eclipse.jetty.server.handler.HandlerCollection.doStart(HandlerCollection.java:229) [tr069-0.6.2.jar:0.6.2]
! at org.eclipse.jetty.util.component.AbstractLifeCycle.start(AbstractLifeCycle.java:64) [tr069-0.6.2.jar:0.6.2]
! at org.eclipse.jetty.server.handler.HandlerWrapper.doStart(HandlerWrapper.java:95) [tr069-0.6.2.jar:0.6.2]
! at org.eclipse.jetty.server.Server.doStart(Server.java:280) [tr069-0.6.2.jar:0.6.2]
! at org.eclipse.jetty.util.component.AbstractLifeCycle.start(AbstractLifeCycle.java:64) [tr069-0.6.2.jar:0.6.2]
! at com.yammer.dropwizard.cli.ServerCommand.run(ServerCommand.java:48) [tr069-0.6.2.jar:0.6.2]
! at com.yammer.dropwizard.cli.EnvironmentCommand.run(EnvironmentCommand.java:39) [tr069-0.6.2.jar:0.6.2]
! at com.yammer.dropwizard.cli.ConfiguredCommand.run(ConfiguredCommand.java:58) [tr069-0.6.2.jar:0.6.2]
! at com.yammer.dropwizard.cli.Cli.run(Cli.java:53) [tr069-0.6.2.jar:0.6.2]
! at com.yammer.dropwizard.Service.run(Service.java:61) [tr069-0.6.2.jar:0.6.2]
! at com.paraam.cpeagent.SimulatorService.main(SimulatorService.java:20) [tr069-0.6.2.jar:0.6.2]
INFO  [2017-04-07 12:21:11,447] org.eclipse.jetty.server.AbstractConnector: Started InstrumentedBlockingChannelConnector@0.0.0.0:8080
INFO  [2017-04-07 12:21:11,449] org.eclipse.jetty.server.AbstractConnector: Started SocketConnector@0.0.0.0:8081
INFO  [2017-04-07 12:22:09,364] org.eclipse.jetty.server.Server: Graceful shutdown SocketConnector@0.0.0.0:8081
INFO  [2017-04-07 12:22:09,365] org.eclipse.jetty.server.Server: Graceful shutdown InstrumentedBlockingChannelConnector@0.0.0.0:8080
INFO  [2017-04-07 12:22:09,365] org.eclipse.jetty.server.Server: Graceful shutdown o.e.j.s.ServletContextHandler{/,null}
INFO  [2017-04-07 12:22:09,366] org.eclipse.jetty.server.Server: Graceful shutdown o.e.j.s.ServletContextHandler{/,null}
INFO  [2017-04-07 12:22:11,418] org.eclipse.jetty.server.handler.ContextHandler: stopped o.e.j.s.ServletContextHandler{/,null}
INFO  [2017-04-07 12:22:11,419] org.eclipse.jetty.server.handler.ContextHandler: stopped o.e.j.s.ServletContextHandler{/,null}
WARN  [2017-04-07 12:22:13,977] com.google.common.cache.CacheBuilder: ignoring weigher specified without maximumWeight
WARN  [2017-04-07 12:22:14,351] com.yammer.dropwizard.config.ServerFactory: 
!!!!!!!!!!!!!!!!!!!!!!!!!!!!!!!!!!!!!!!!!!!!!!!!!!!!!!!!!!!!!!!!!!!!!!!!!!!!!!!!
!!!!!!!!!!!!!!!!!!!!!!!!!!!!!!!!!!!!!!!!!!!!!!!!!!!!!!!!!!!!!!!!!!!!!!!!!!!!!!!!
!    THIS SERVICE HAS NO HEALTHCHECKS. THIS MEANS YOU WILL NEVER KNOW IF IT    !
!    DIES IN PRODUCTION, WHICH MEANS YOU WILL NEVER KNOW IF YOU'RE LETTING     !
!     YOUR USERS DOWN. YOU SHOULD ADD A HEALTHCHECK FOR EACH DEPENDENCY OF     !
!     YOUR SERVICE WHICH FULLY (BUT LIGHTLY) TESTS YOUR SERVICE'S ABILITY TO   !
!      USE THAT SERVICE. THINK OF IT AS A CONTINUOUS INTEGRATION TEST.         !
!!!!!!!!!!!!!!!!!!!!!!!!!!!!!!!!!!!!!!!!!!!!!!!!!!!!!!!!!!!!!!!!!!!!!!!!!!!!!!!!
!!!!!!!!!!!!!!!!!!!!!!!!!!!!!!!!!!!!!!!!!!!!!!!!!!!!!!!!!!!!!!!!!!!!!!!!!!!!!!!!
INFO  [2017-04-07 12:22:14,489] com.yammer.dropwizard.cli.ServerCommand: Starting TR069-Simulator
INFO  [2017-04-07 12:22:14,492] org.eclipse.jetty.server.Server: jetty-8.y.z-SNAPSHOT
INFO  [2017-04-07 12:22:14,744] com.sun.jersey.server.impl.application.WebApplicationImpl: Initiating Jersey application, version 'Jersey: 1.17 01/17/2013 03:31 PM'
INFO  [2017-04-07 12:22:14,872] com.yammer.dropwizard.config.Environment: The following paths were found for the configured resources:


INFO  [2017-04-07 12:22:14,881] com.yammer.dropwizard.config.Environment: tasks = 

    POST    /tasks/gc (com.yammer.dropwizard.tasks.GarbageCollectionTask)

ERROR [2017-04-07 12:22:15,573] com.sun.jersey.server.impl.application.RootResourceUriRules: The ResourceConfig instance does not contain any root resource classes.
WARN  [2017-04-07 12:22:15,578] /: unavailable
! com.sun.jersey.api.container.ContainerException: The ResourceConfig instance does not contain any root resource classes.
! at com.sun.jersey.server.impl.application.RootResourceUriRules.<init>(RootResourceUriRules.java:99) ~[tr069-0.6.2.jar:0.6.2]
! at com.sun.jersey.server.impl.application.WebApplicationImpl._initiate(WebApplicationImpl.java:1331) ~[tr069-0.6.2.jar:0.6.2]
! at com.sun.jersey.server.impl.application.WebApplicationImpl.access$700(WebApplicationImpl.java:168) ~[tr069-0.6.2.jar:0.6.2]
! at com.sun.jersey.server.impl.application.WebApplicationImpl$13.f(WebApplicationImpl.java:774) ~[tr069-0.6.2.jar:0.6.2]
! at com.sun.jersey.server.impl.application.WebApplicationImpl$13.f(WebApplicationImpl.java:770) ~[tr069-0.6.2.jar:0.6.2]
! at com.sun.jersey.spi.inject.Errors.processWithErrors(Errors.java:193) ~[tr069-0.6.2.jar:0.6.2]
! at com.sun.jersey.server.impl.application.WebApplicationImpl.initiate(WebApplicationImpl.java:770) ~[tr069-0.6.2.jar:0.6.2]
! at com.hubspot.dropwizard.guice.GuiceContainer.initiate(GuiceContainer.java:63) ~[tr069-0.6.2.jar:0.6.2]
! at com.sun.jersey.spi.container.servlet.ServletContainer$InternalWebComponent.initiate(ServletContainer.java:319) ~[tr069-0.6.2.jar:0.6.2]
! at com.sun.jersey.spi.container.servlet.WebComponent.load(WebComponent.java:605) ~[tr069-0.6.2.jar:0.6.2]
! at com.sun.jersey.spi.container.servlet.WebComponent.init(WebComponent.java:210) ~[tr069-0.6.2.jar:0.6.2]
! at com.sun.jersey.spi.container.servlet.ServletContainer.init(ServletContainer.java:374) ~[tr069-0.6.2.jar:0.6.2]
! at com.sun.jersey.spi.container.servlet.ServletContainer.init(ServletContainer.java:557) ~[tr069-0.6.2.jar:0.6.2]
! at javax.servlet.GenericServlet.init(GenericServlet.java:244) ~[tr069-0.6.2.jar:0.6.2]
! at org.eclipse.jetty.servlet.ServletHolder.initServlet(ServletHolder.java:519) [tr069-0.6.2.jar:0.6.2]
! at org.eclipse.jetty.servlet.ServletHolder.doStart(ServletHolder.java:331) [tr069-0.6.2.jar:0.6.2]
! at org.eclipse.jetty.util.component.AbstractLifeCycle.start(AbstractLifeCycle.java:64) [tr069-0.6.2.jar:0.6.2]
! at org.eclipse.jetty.servlet.ServletHandler.initialize(ServletHandler.java:742) [tr069-0.6.2.jar:0.6.2]
! at org.eclipse.jetty.servlet.ServletContextHandler.startContext(ServletContextHandler.java:265) [tr069-0.6.2.jar:0.6.2]
! at org.eclipse.jetty.server.handler.ContextHandler.doStart(ContextHandler.java:710) [tr069-0.6.2.jar:0.6.2]
! at org.eclipse.jetty.util.component.AbstractLifeCycle.start(AbstractLifeCycle.java:64) [tr069-0.6.2.jar:0.6.2]
! at org.eclipse.jetty.server.handler.HandlerWrapper.doStart(HandlerWrapper.java:95) [tr069-0.6.2.jar:0.6.2]
! at org.eclipse.jetty.util.component.AbstractLifeCycle.start(AbstractLifeCycle.java:64) [tr069-0.6.2.jar:0.6.2]
! at org.eclipse.jetty.server.handler.HandlerWrapper.doStart(HandlerWrapper.java:95) [tr069-0.6.2.jar:0.6.2]
! at org.eclipse.jetty.util.component.AbstractLifeCycle.start(AbstractLifeCycle.java:64) [tr069-0.6.2.jar:0.6.2]
! at org.eclipse.jetty.server.handler.HandlerCollection.doStart(HandlerCollection.java:229) [tr069-0.6.2.jar:0.6.2]
! at org.eclipse.jetty.util.component.AbstractLifeCycle.start(AbstractLifeCycle.java:64) [tr069-0.6.2.jar:0.6.2]
! at org.eclipse.jetty.server.handler.HandlerWrapper.doStart(HandlerWrapper.java:95) [tr069-0.6.2.jar:0.6.2]
! at org.eclipse.jetty.server.Server.doStart(Server.java:280) [tr069-0.6.2.jar:0.6.2]
! at org.eclipse.jetty.util.component.AbstractLifeCycle.start(AbstractLifeCycle.java:64) [tr069-0.6.2.jar:0.6.2]
! at com.yammer.dropwizard.cli.ServerCommand.run(ServerCommand.java:48) [tr069-0.6.2.jar:0.6.2]
! at com.yammer.dropwizard.cli.EnvironmentCommand.run(EnvironmentCommand.java:39) [tr069-0.6.2.jar:0.6.2]
! at com.yammer.dropwizard.cli.ConfiguredCommand.run(ConfiguredCommand.java:58) [tr069-0.6.2.jar:0.6.2]
! at com.yammer.dropwizard.cli.Cli.run(Cli.java:53) [tr069-0.6.2.jar:0.6.2]
! at com.yammer.dropwizard.Service.run(Service.java:61) [tr069-0.6.2.jar:0.6.2]
! at com.paraam.cpeagent.SimulatorService.main(SimulatorService.java:20) [tr069-0.6.2.jar:0.6.2]
INFO  [2017-04-07 12:22:15,597] org.eclipse.jetty.server.AbstractConnector: Started InstrumentedBlockingChannelConnector@0.0.0.0:8080
INFO  [2017-04-07 12:22:15,617] org.eclipse.jetty.server.AbstractConnector: Started SocketConnector@0.0.0.0:8081
INFO  [2017-04-07 13:13:36,435] org.eclipse.jetty.server.Server: Graceful shutdown SocketConnector@0.0.0.0:8081
INFO  [2017-04-07 13:13:36,435] org.eclipse.jetty.server.Server: Graceful shutdown InstrumentedBlockingChannelConnector@0.0.0.0:8080
INFO  [2017-04-07 13:13:36,437] org.eclipse.jetty.server.Server: Graceful shutdown o.e.j.s.ServletContextHandler{/,null}
INFO  [2017-04-07 13:13:36,437] org.eclipse.jetty.server.Server: Graceful shutdown o.e.j.s.ServletContextHandler{/,null}
INFO  [2017-04-07 13:13:38,490] org.eclipse.jetty.server.handler.ContextHandler: stopped o.e.j.s.ServletContextHandler{/,null}
INFO  [2017-04-07 13:13:38,491] org.eclipse.jetty.server.handler.ContextHandler: stopped o.e.j.s.ServletContextHandler{/,null}
